{"level":30,"time":"8:52:17 pm","pid":44832,"hostname":"LAPTOP-IKN8BARC","msg":"server is running on port: http://localhost:8000"}
{"level":30,"time":"8:52:17 pm","pid":44832,"hostname":"LAPTOP-IKN8BARC","msg":"Executing (default): SELECT 1+1 AS result"}
{"level":30,"time":"8:52:17 pm","pid":44832,"hostname":"LAPTOP-IKN8BARC","msg":"DB connected"}
{"level":30,"time":"8:52:27 pm","pid":44832,"hostname":"LAPTOP-IKN8BARC","msg":"Executing (default): SELECT `id`, `fname`, `lname`, `email`, `gender`, `dob`, `phone`, `city`, `address`, `password`, `role_id`, `activation_token`, `token_created_at`, `createdAt`, `updatedAt`, `deletedAt` FROM `users` AS `user` WHERE (`user`.`deletedAt` IS NULL AND (`user`.`email` = 'dp123@gmail.com' AND `user`.`deletedAt` IS NULL)) LIMIT 1;"}
{"level":30,"time":"8:52:30 pm","pid":44832,"hostname":"LAPTOP-IKN8BARC","msg":"Executing (default): SELECT `id`, `fname`, `lname`, `email`, `gender`, `dob`, `phone`, `city`, `address`, `password`, `role_id`, `activation_token`, `token_created_at`, `createdAt`, `updatedAt`, `deletedAt` FROM `users` AS `user` WHERE (`user`.`deletedAt` IS NULL AND `user`.`id` = 1);"}
{"level":30,"time":"8:52:30 pm","pid":44832,"hostname":"LAPTOP-IKN8BARC","msg":"Executing (default): SELECT count(`video`.`id`) AS `count` FROM `videos` AS `video` LEFT OUTER JOIN `users` AS `user` ON `video`.`uploaded_by` = `user`.`id` AND (`user`.`deletedAt` IS NULL) WHERE (`video`.`deletedAt` IS NULL AND `video`.`uploaded_by` = 1);"}
{"level":30,"time":"8:52:30 pm","pid":44832,"hostname":"LAPTOP-IKN8BARC","msg":"Executing (default): SELECT `video`.`id`, `video`.`title`, `video`.`description`, `video`.`url`, `video`.`category_id`, `video`.`uploaded_by`, `video`.`createdAt`, `video`.`updatedAt`, `video`.`deletedAt`, `user`.`id` AS `user.id`, `user`.`fname` AS `user.fname`, `user`.`lname` AS `user.lname`, `user`.`email` AS `user.email`, `user`.`gender` AS `user.gender`, `user`.`dob` AS `user.dob`, `user`.`phone` AS `user.phone`, `user`.`city` AS `user.city`, `user`.`address` AS `user.address`, `user`.`password` AS `user.password`, `user`.`role_id` AS `user.role_id`, `user`.`activation_token` AS `user.activation_token`, `user`.`token_created_at` AS `user.token_created_at`, `user`.`createdAt` AS `user.createdAt`, `user`.`updatedAt` AS `user.updatedAt`, `user`.`deletedAt` AS `user.deletedAt` FROM `videos` AS `video` LEFT OUTER JOIN `users` AS `user` ON `video`.`uploaded_by` = `user`.`id` AND (`user`.`deletedAt` IS NULL) WHERE (`video`.`deletedAt` IS NULL AND `video`.`uploaded_by` = 1);"}
{"level":30,"time":"8:53:21 pm","pid":44832,"hostname":"LAPTOP-IKN8BARC","msg":"Executing (default): SELECT `id`, `fname`, `lname`, `email`, `gender`, `dob`, `phone`, `city`, `address`, `password`, `role_id`, `activation_token`, `token_created_at`, `createdAt`, `updatedAt`, `deletedAt` FROM `users` AS `user` WHERE (`user`.`deletedAt` IS NULL AND `user`.`id` = 1);"}
{"level":30,"time":"8:53:21 pm","pid":44832,"hostname":"LAPTOP-IKN8BARC","msg":"Executing (default): SELECT `video`.`id`, `video`.`title`, `video`.`description`, `video`.`url`, `video`.`category_id`, `video`.`uploaded_by`, `video`.`createdAt`, `video`.`updatedAt`, `video`.`deletedAt`, `user`.`id` AS `user.id`, `user`.`fname` AS `user.fname`, `user`.`lname` AS `user.lname`, `user`.`email` AS `user.email`, `user`.`gender` AS `user.gender`, `user`.`dob` AS `user.dob`, `user`.`phone` AS `user.phone`, `user`.`city` AS `user.city`, `user`.`address` AS `user.address`, `user`.`password` AS `user.password`, `user`.`role_id` AS `user.role_id`, `user`.`activation_token` AS `user.activation_token`, `user`.`token_created_at` AS `user.token_created_at`, `user`.`createdAt` AS `user.createdAt`, `user`.`updatedAt` AS `user.updatedAt`, `user`.`deletedAt` AS `user.deletedAt` FROM `videos` AS `video` LEFT OUTER JOIN `users` AS `user` ON `video`.`uploaded_by` = `user`.`id` AND (`user`.`deletedAt` IS NULL) WHERE (`video`.`deletedAt` IS NULL AND `video`.`id` = 'all');"}
{"level":30,"time":"8:53:47 pm","pid":44832,"hostname":"LAPTOP-IKN8BARC","msg":"Executing (default): SELECT `id`, `fname`, `lname`, `email`, `gender`, `dob`, `phone`, `city`, `address`, `password`, `role_id`, `activation_token`, `token_created_at`, `createdAt`, `updatedAt`, `deletedAt` FROM `users` AS `user` WHERE (`user`.`deletedAt` IS NULL AND `user`.`id` = 1);"}
{"level":30,"time":"8:53:47 pm","pid":44832,"hostname":"LAPTOP-IKN8BARC","msg":"Executing (default): SELECT count(`video`.`id`) AS `count` FROM `videos` AS `video` LEFT OUTER JOIN `users` AS `user` ON `video`.`uploaded_by` = `user`.`id` AND (`user`.`deletedAt` IS NULL) WHERE (`video`.`deletedAt` IS NULL);"}
{"level":30,"time":"8:53:47 pm","pid":44832,"hostname":"LAPTOP-IKN8BARC","msg":"Executing (default): SELECT `video`.`id`, `video`.`title`, `video`.`description`, `video`.`url`, `video`.`category_id`, `video`.`uploaded_by`, `video`.`createdAt`, `video`.`updatedAt`, `video`.`deletedAt`, `user`.`id` AS `user.id`, `user`.`fname` AS `user.fname`, `user`.`lname` AS `user.lname`, `user`.`email` AS `user.email`, `user`.`gender` AS `user.gender`, `user`.`dob` AS `user.dob`, `user`.`phone` AS `user.phone`, `user`.`city` AS `user.city`, `user`.`address` AS `user.address`, `user`.`password` AS `user.password`, `user`.`role_id` AS `user.role_id`, `user`.`activation_token` AS `user.activation_token`, `user`.`token_created_at` AS `user.token_created_at`, `user`.`createdAt` AS `user.createdAt`, `user`.`updatedAt` AS `user.updatedAt`, `user`.`deletedAt` AS `user.deletedAt` FROM `videos` AS `video` LEFT OUTER JOIN `users` AS `user` ON `video`.`uploaded_by` = `user`.`id` AND (`user`.`deletedAt` IS NULL) WHERE (`video`.`deletedAt` IS NULL);"}
{"level":30,"time":"8:54:35 pm","pid":37516,"hostname":"LAPTOP-IKN8BARC","msg":"server is running on port: http://localhost:8000"}
{"level":30,"time":"8:54:35 pm","pid":37516,"hostname":"LAPTOP-IKN8BARC","msg":"Executing (default): SELECT 1+1 AS result"}
{"level":30,"time":"8:54:35 pm","pid":37516,"hostname":"LAPTOP-IKN8BARC","msg":"DB connected"}
{"level":30,"time":"8:54:36 pm","pid":37516,"hostname":"LAPTOP-IKN8BARC","msg":"Executing (default): SELECT `id`, `fname`, `lname`, `email`, `gender`, `dob`, `phone`, `city`, `address`, `password`, `role_id`, `activation_token`, `token_created_at`, `createdAt`, `updatedAt`, `deletedAt` FROM `users` AS `user` WHERE (`user`.`deletedAt` IS NULL AND `user`.`id` = 1);"}
{"level":50,"time":"8:54:36 pm","pid":37516,"hostname":"LAPTOP-IKN8BARC","err":{"type":"TypeError","message":"Cannot read properties of undefined (reading 'findOne')","stack":"TypeError: Cannot read properties of undefined (reading 'findOne')\n    at exports.manageLikes (E:\\eSparkBiz\\Video_Verse\\controllers\\likeController.js:8:54)\n    at Layer.handle [as handle_request] (E:\\eSparkBiz\\Video_Verse\\node_modules\\express\\lib\\router\\layer.js:95:5)\n    at next (E:\\eSparkBiz\\Video_Verse\\node_modules\\express\\lib\\router\\route.js:149:13)\n    at Route.dispatch (E:\\eSparkBiz\\Video_Verse\\node_modules\\express\\lib\\router\\route.js:119:3)\n    at Layer.handle [as handle_request] (E:\\eSparkBiz\\Video_Verse\\node_modules\\express\\lib\\router\\layer.js:95:5)\n    at E:\\eSparkBiz\\Video_Verse\\node_modules\\express\\lib\\router\\index.js:284:15\n    at param (E:\\eSparkBiz\\Video_Verse\\node_modules\\express\\lib\\router\\index.js:365:14)\n    at param (E:\\eSparkBiz\\Video_Verse\\node_modules\\express\\lib\\router\\index.js:376:14)\n    at Function.process_params (E:\\eSparkBiz\\Video_Verse\\node_modules\\express\\lib\\router\\index.js:421:3)\n    at next (E:\\eSparkBiz\\Video_Verse\\node_modules\\express\\lib\\router\\index.js:280:10)"},"msg":"Cannot read properties of undefined (reading 'findOne')"}
{"level":30,"time":"8:54:46 pm","pid":45036,"hostname":"LAPTOP-IKN8BARC","msg":"server is running on port: http://localhost:8000"}
{"level":30,"time":"8:54:46 pm","pid":45036,"hostname":"LAPTOP-IKN8BARC","msg":"Executing (default): SELECT 1+1 AS result"}
{"level":30,"time":"8:54:46 pm","pid":45036,"hostname":"LAPTOP-IKN8BARC","msg":"DB connected"}
{"level":30,"time":"8:54:48 pm","pid":45036,"hostname":"LAPTOP-IKN8BARC","msg":"Executing (default): SELECT `id`, `fname`, `lname`, `email`, `gender`, `dob`, `phone`, `city`, `address`, `password`, `role_id`, `activation_token`, `token_created_at`, `createdAt`, `updatedAt`, `deletedAt` FROM `users` AS `user` WHERE (`user`.`deletedAt` IS NULL AND `user`.`id` = 1);"}
{"level":30,"time":"8:54:48 pm","pid":45036,"hostname":"LAPTOP-IKN8BARC","msg":"Executing (default): SELECT `id`, `liked_by`, `video_id`, `is_liked`, `createdAt`, `updatedAt` FROM `likes` AS `like` WHERE `like`.`liked_by` = 1 AND `like`.`video_id` = '1' LIMIT 1;"}
{"level":30,"time":"8:54:48 pm","pid":45036,"hostname":"LAPTOP-IKN8BARC","msg":"Executing (default): INSERT INTO `likes` (`id`,`liked_by`,`video_id`,`is_liked`,`createdAt`,`updatedAt`) VALUES (DEFAULT,?,?,?,?,?);"}
{"level":30,"time":"8:55:12 pm","pid":44804,"hostname":"LAPTOP-IKN8BARC","msg":"server is running on port: http://localhost:8000"}
{"level":30,"time":"8:55:12 pm","pid":44804,"hostname":"LAPTOP-IKN8BARC","msg":"Executing (default): SELECT 1+1 AS result"}
{"level":30,"time":"8:55:12 pm","pid":44804,"hostname":"LAPTOP-IKN8BARC","msg":"DB connected"}
{"level":30,"time":"8:55:14 pm","pid":44804,"hostname":"LAPTOP-IKN8BARC","msg":"Executing (default): SELECT `id`, `fname`, `lname`, `email`, `gender`, `dob`, `phone`, `city`, `address`, `password`, `role_id`, `activation_token`, `token_created_at`, `createdAt`, `updatedAt`, `deletedAt` FROM `users` AS `user` WHERE (`user`.`deletedAt` IS NULL AND `user`.`id` = 1);"}
{"level":30,"time":"8:55:14 pm","pid":44804,"hostname":"LAPTOP-IKN8BARC","msg":"Executing (default): SELECT `id`, `liked_by`, `video_id`, `is_liked`, `createdAt`, `updatedAt` FROM `likes` AS `like` WHERE `like`.`liked_by` = 1 AND `like`.`video_id` = '1' LIMIT 1;"}
{"level":30,"time":"8:55:14 pm","pid":44804,"hostname":"LAPTOP-IKN8BARC","msg":"Executing (default): UPDATE `likes` SET `is_liked`=?,`updatedAt`=? WHERE `id` = ?"}
{"level":30,"time":"8:55:16 pm","pid":44804,"hostname":"LAPTOP-IKN8BARC","msg":"Executing (default): SELECT `id`, `fname`, `lname`, `email`, `gender`, `dob`, `phone`, `city`, `address`, `password`, `role_id`, `activation_token`, `token_created_at`, `createdAt`, `updatedAt`, `deletedAt` FROM `users` AS `user` WHERE (`user`.`deletedAt` IS NULL AND `user`.`id` = 1);"}
{"level":30,"time":"8:55:16 pm","pid":44804,"hostname":"LAPTOP-IKN8BARC","msg":"Executing (default): SELECT `id`, `liked_by`, `video_id`, `is_liked`, `createdAt`, `updatedAt` FROM `likes` AS `like` WHERE `like`.`liked_by` = 1 AND `like`.`video_id` = '1' LIMIT 1;"}
{"level":30,"time":"8:55:16 pm","pid":44804,"hostname":"LAPTOP-IKN8BARC","msg":"Executing (default): UPDATE `likes` SET `is_liked`=?,`updatedAt`=? WHERE `id` = ?"}
{"level":30,"time":"8:55:28 pm","pid":44804,"hostname":"LAPTOP-IKN8BARC","msg":"Executing (default): SELECT `id`, `fname`, `lname`, `email`, `gender`, `dob`, `phone`, `city`, `address`, `password`, `role_id`, `activation_token`, `token_created_at`, `createdAt`, `updatedAt`, `deletedAt` FROM `users` AS `user` WHERE (`user`.`deletedAt` IS NULL AND (`user`.`email` = 'dp12@gmail.com' AND `user`.`deletedAt` IS NULL)) LIMIT 1;"}
{"level":30,"time":"8:55:36 pm","pid":44804,"hostname":"LAPTOP-IKN8BARC","msg":"Executing (default): SELECT `id`, `fname`, `lname`, `email`, `gender`, `dob`, `phone`, `city`, `address`, `password`, `role_id`, `activation_token`, `token_created_at`, `createdAt`, `updatedAt`, `deletedAt` FROM `users` AS `user` WHERE (`user`.`deletedAt` IS NULL AND `user`.`id` = 2);"}
{"level":30,"time":"8:55:36 pm","pid":44804,"hostname":"LAPTOP-IKN8BARC","msg":"Executing (default): SELECT `id`, `liked_by`, `video_id`, `is_liked`, `createdAt`, `updatedAt` FROM `likes` AS `like` WHERE `like`.`liked_by` = 2 AND `like`.`video_id` = '1' LIMIT 1;"}
{"level":30,"time":"8:55:36 pm","pid":44804,"hostname":"LAPTOP-IKN8BARC","msg":"Executing (default): INSERT INTO `likes` (`id`,`liked_by`,`video_id`,`is_liked`,`createdAt`,`updatedAt`) VALUES (DEFAULT,?,?,?,?,?);"}
{"level":30,"time":"8:55:38 pm","pid":44804,"hostname":"LAPTOP-IKN8BARC","msg":"Executing (default): SELECT `id`, `fname`, `lname`, `email`, `gender`, `dob`, `phone`, `city`, `address`, `password`, `role_id`, `activation_token`, `token_created_at`, `createdAt`, `updatedAt`, `deletedAt` FROM `users` AS `user` WHERE (`user`.`deletedAt` IS NULL AND `user`.`id` = 2);"}
{"level":30,"time":"8:55:38 pm","pid":44804,"hostname":"LAPTOP-IKN8BARC","msg":"Executing (default): SELECT `id`, `liked_by`, `video_id`, `is_liked`, `createdAt`, `updatedAt` FROM `likes` AS `like` WHERE `like`.`liked_by` = 2 AND `like`.`video_id` = '3' LIMIT 1;"}
{"level":30,"time":"8:55:38 pm","pid":44804,"hostname":"LAPTOP-IKN8BARC","msg":"Executing (default): INSERT INTO `likes` (`id`,`liked_by`,`video_id`,`is_liked`,`createdAt`,`updatedAt`) VALUES (DEFAULT,?,?,?,?,?);"}
{"level":30,"time":"8:55:40 pm","pid":44804,"hostname":"LAPTOP-IKN8BARC","msg":"Executing (default): SELECT `id`, `fname`, `lname`, `email`, `gender`, `dob`, `phone`, `city`, `address`, `password`, `role_id`, `activation_token`, `token_created_at`, `createdAt`, `updatedAt`, `deletedAt` FROM `users` AS `user` WHERE (`user`.`deletedAt` IS NULL AND `user`.`id` = 2);"}
{"level":30,"time":"8:55:40 pm","pid":44804,"hostname":"LAPTOP-IKN8BARC","msg":"Executing (default): SELECT `id`, `liked_by`, `video_id`, `is_liked`, `createdAt`, `updatedAt` FROM `likes` AS `like` WHERE `like`.`liked_by` = 2 AND `like`.`video_id` = '1' LIMIT 1;"}
{"level":30,"time":"8:55:40 pm","pid":44804,"hostname":"LAPTOP-IKN8BARC","msg":"Executing (default): UPDATE `likes` SET `is_liked`=?,`updatedAt`=? WHERE `id` = ?"}
{"level":30,"time":"8:55:42 pm","pid":44804,"hostname":"LAPTOP-IKN8BARC","msg":"Executing (default): SELECT `id`, `fname`, `lname`, `email`, `gender`, `dob`, `phone`, `city`, `address`, `password`, `role_id`, `activation_token`, `token_created_at`, `createdAt`, `updatedAt`, `deletedAt` FROM `users` AS `user` WHERE (`user`.`deletedAt` IS NULL AND `user`.`id` = 2);"}
{"level":30,"time":"8:55:42 pm","pid":44804,"hostname":"LAPTOP-IKN8BARC","msg":"Executing (default): SELECT `id`, `liked_by`, `video_id`, `is_liked`, `createdAt`, `updatedAt` FROM `likes` AS `like` WHERE `like`.`liked_by` = 2 AND `like`.`video_id` = '1' LIMIT 1;"}
{"level":30,"time":"8:55:42 pm","pid":44804,"hostname":"LAPTOP-IKN8BARC","msg":"Executing (default): UPDATE `likes` SET `is_liked`=?,`updatedAt`=? WHERE `id` = ?"}
{"level":30,"time":"8:56:50 pm","pid":25072,"hostname":"LAPTOP-IKN8BARC","msg":"server is running on port: http://localhost:8000"}
{"level":30,"time":"8:56:50 pm","pid":25072,"hostname":"LAPTOP-IKN8BARC","msg":"Executing (default): SELECT 1+1 AS result"}
{"level":30,"time":"8:56:50 pm","pid":25072,"hostname":"LAPTOP-IKN8BARC","msg":"DB connected"}
{"level":30,"time":"8:56:54 pm","pid":36976,"hostname":"LAPTOP-IKN8BARC","msg":"server is running on port: http://localhost:8000"}
{"level":30,"time":"8:56:54 pm","pid":36976,"hostname":"LAPTOP-IKN8BARC","msg":"Executing (default): SELECT 1+1 AS result"}
{"level":30,"time":"8:56:54 pm","pid":36976,"hostname":"LAPTOP-IKN8BARC","msg":"DB connected"}
{"level":30,"time":"8:57:49 pm","pid":24776,"hostname":"LAPTOP-IKN8BARC","msg":"server is running on port: http://localhost:8000"}
{"level":30,"time":"8:57:49 pm","pid":24776,"hostname":"LAPTOP-IKN8BARC","msg":"Executing (default): SELECT 1+1 AS result"}
{"level":30,"time":"8:57:49 pm","pid":24776,"hostname":"LAPTOP-IKN8BARC","msg":"DB connected"}
{"level":30,"time":"8:58:36 pm","pid":45920,"hostname":"LAPTOP-IKN8BARC","msg":"server is running on port: http://localhost:8000"}
{"level":30,"time":"8:58:36 pm","pid":45920,"hostname":"LAPTOP-IKN8BARC","msg":"Executing (default): SELECT 1+1 AS result"}
{"level":30,"time":"8:58:36 pm","pid":45920,"hostname":"LAPTOP-IKN8BARC","msg":"DB connected"}
{"level":30,"time":"8:58:41 pm","pid":11792,"hostname":"LAPTOP-IKN8BARC","msg":"server is running on port: http://localhost:8000"}
{"level":30,"time":"8:58:41 pm","pid":11792,"hostname":"LAPTOP-IKN8BARC","msg":"Executing (default): SELECT 1+1 AS result"}
{"level":30,"time":"8:58:41 pm","pid":11792,"hostname":"LAPTOP-IKN8BARC","msg":"DB connected"}
{"level":30,"time":"8:58:54 pm","pid":13400,"hostname":"LAPTOP-IKN8BARC","msg":"server is running on port: http://localhost:8000"}
{"level":30,"time":"8:58:54 pm","pid":13400,"hostname":"LAPTOP-IKN8BARC","msg":"Executing (default): SELECT 1+1 AS result"}
{"level":30,"time":"8:58:54 pm","pid":13400,"hostname":"LAPTOP-IKN8BARC","msg":"DB connected"}
{"level":30,"time":"8:59:24 pm","pid":13400,"hostname":"LAPTOP-IKN8BARC","msg":"Executing (default): SELECT `id`, `fname`, `lname`, `email`, `gender`, `dob`, `phone`, `city`, `address`, `password`, `role_id`, `activation_token`, `token_created_at`, `createdAt`, `updatedAt`, `deletedAt` FROM `users` AS `user` WHERE (`user`.`deletedAt` IS NULL AND `user`.`id` = 2);"}
{"level":30,"time":"8:59:24 pm","pid":13400,"hostname":"LAPTOP-IKN8BARC","msg":"Executing (default): SELECT count(*) AS `count` FROM `likes` AS `like` WHERE `like`.`video_id` = '1';"}
{"level":30,"time":"8:59:24 pm","pid":13400,"hostname":"LAPTOP-IKN8BARC","msg":"Executing (default): SELECT `id`, `liked_by`, `video_id`, `is_liked`, `createdAt`, `updatedAt` FROM `likes` AS `like` WHERE `like`.`video_id` = '1';"}
{"level":30,"time":"9:00:03 pm","pid":3100,"hostname":"LAPTOP-IKN8BARC","msg":"server is running on port: http://localhost:8000"}
{"level":30,"time":"9:00:03 pm","pid":3100,"hostname":"LAPTOP-IKN8BARC","msg":"Executing (default): SELECT 1+1 AS result"}
{"level":30,"time":"9:00:03 pm","pid":3100,"hostname":"LAPTOP-IKN8BARC","msg":"DB connected"}
{"level":30,"time":"9:00:04 pm","pid":3100,"hostname":"LAPTOP-IKN8BARC","msg":"Executing (default): SELECT `id`, `fname`, `lname`, `email`, `gender`, `dob`, `phone`, `city`, `address`, `password`, `role_id`, `activation_token`, `token_created_at`, `createdAt`, `updatedAt`, `deletedAt` FROM `users` AS `user` WHERE (`user`.`deletedAt` IS NULL AND `user`.`id` = 2);"}
{"level":30,"time":"9:00:04 pm","pid":3100,"hostname":"LAPTOP-IKN8BARC","msg":"Executing (default): SELECT count(`like`.`id`) AS `count` FROM `likes` AS `like` LEFT OUTER JOIN `users` AS `user` ON `like`.`liked_by` = `user`.`id` AND (`user`.`deletedAt` IS NULL) WHERE `like`.`video_id` = '1';"}
{"level":30,"time":"9:00:04 pm","pid":3100,"hostname":"LAPTOP-IKN8BARC","msg":"Executing (default): SELECT `like`.`id`, `like`.`liked_by`, `like`.`video_id`, `like`.`is_liked`, `like`.`createdAt`, `like`.`updatedAt`, `user`.`id` AS `user.id`, `user`.`fname` AS `user.fname`, `user`.`lname` AS `user.lname`, `user`.`email` AS `user.email`, `user`.`gender` AS `user.gender`, `user`.`dob` AS `user.dob`, `user`.`phone` AS `user.phone`, `user`.`city` AS `user.city`, `user`.`address` AS `user.address`, `user`.`password` AS `user.password`, `user`.`role_id` AS `user.role_id`, `user`.`activation_token` AS `user.activation_token`, `user`.`token_created_at` AS `user.token_created_at`, `user`.`createdAt` AS `user.createdAt`, `user`.`updatedAt` AS `user.updatedAt`, `user`.`deletedAt` AS `user.deletedAt` FROM `likes` AS `like` LEFT OUTER JOIN `users` AS `user` ON `like`.`liked_by` = `user`.`id` AND (`user`.`deletedAt` IS NULL) WHERE `like`.`video_id` = '1';"}
{"level":30,"time":"9:00:35 pm","pid":43736,"hostname":"LAPTOP-IKN8BARC","msg":"server is running on port: http://localhost:8000"}
{"level":30,"time":"9:00:36 pm","pid":43736,"hostname":"LAPTOP-IKN8BARC","msg":"Executing (default): SELECT 1+1 AS result"}
{"level":30,"time":"9:00:36 pm","pid":43736,"hostname":"LAPTOP-IKN8BARC","msg":"DB connected"}
{"level":30,"time":"9:00:36 pm","pid":43736,"hostname":"LAPTOP-IKN8BARC","msg":"Executing (default): SELECT `id`, `fname`, `lname`, `email`, `gender`, `dob`, `phone`, `city`, `address`, `password`, `role_id`, `activation_token`, `token_created_at`, `createdAt`, `updatedAt`, `deletedAt` FROM `users` AS `user` WHERE (`user`.`deletedAt` IS NULL AND `user`.`id` = 2);"}
{"level":30,"time":"9:00:36 pm","pid":43736,"hostname":"LAPTOP-IKN8BARC","msg":"Executing (default): SELECT count(`like`.`id`) AS `count` FROM `likes` AS `like` LEFT OUTER JOIN `users` AS `user` ON `like`.`liked_by` = `user`.`id` AND (`user`.`deletedAt` IS NULL) WHERE `like`.`video_id` = '1';"}
{"level":30,"time":"9:00:36 pm","pid":43736,"hostname":"LAPTOP-IKN8BARC","msg":"Executing (default): SELECT `like`.`id`, `like`.`liked_by`, `like`.`video_id`, `like`.`is_liked`, `like`.`createdAt`, `like`.`updatedAt`, `user`.`id` AS `user.id` FROM `likes` AS `like` LEFT OUTER JOIN `users` AS `user` ON `like`.`liked_by` = `user`.`id` AND (`user`.`deletedAt` IS NULL) WHERE `like`.`video_id` = '1';"}
{"level":30,"time":"9:01:13 pm","pid":43736,"hostname":"LAPTOP-IKN8BARC","msg":"Executing (default): SELECT `id`, `fname`, `lname`, `email`, `gender`, `dob`, `phone`, `city`, `address`, `password`, `role_id`, `activation_token`, `token_created_at`, `createdAt`, `updatedAt`, `deletedAt` FROM `users` AS `user` WHERE (`user`.`deletedAt` IS NULL AND `user`.`id` = 2);"}
{"level":30,"time":"9:01:13 pm","pid":43736,"hostname":"LAPTOP-IKN8BARC","msg":"Executing (default): SELECT count(`like`.`id`) AS `count` FROM `likes` AS `like` LEFT OUTER JOIN `users` AS `user` ON `like`.`liked_by` = `user`.`id` AND (`user`.`deletedAt` IS NULL) WHERE `like`.`video_id` = '1';"}
{"level":30,"time":"9:01:13 pm","pid":43736,"hostname":"LAPTOP-IKN8BARC","msg":"Executing (default): SELECT `like`.`id`, `like`.`liked_by`, `like`.`video_id`, `like`.`is_liked`, `like`.`createdAt`, `like`.`updatedAt`, `user`.`id` AS `user.id` FROM `likes` AS `like` LEFT OUTER JOIN `users` AS `user` ON `like`.`liked_by` = `user`.`id` AND (`user`.`deletedAt` IS NULL) WHERE `like`.`video_id` = '1';"}
{"level":30,"time":"9:01:18 pm","pid":13488,"hostname":"LAPTOP-IKN8BARC","msg":"server is running on port: http://localhost:8000"}
{"level":30,"time":"9:01:18 pm","pid":13488,"hostname":"LAPTOP-IKN8BARC","msg":"Executing (default): SELECT 1+1 AS result"}
{"level":30,"time":"9:01:18 pm","pid":13488,"hostname":"LAPTOP-IKN8BARC","msg":"DB connected"}
{"level":30,"time":"9:01:18 pm","pid":13488,"hostname":"LAPTOP-IKN8BARC","msg":"Executing (default): SELECT `id`, `fname`, `lname`, `email`, `gender`, `dob`, `phone`, `city`, `address`, `password`, `role_id`, `activation_token`, `token_created_at`, `createdAt`, `updatedAt`, `deletedAt` FROM `users` AS `user` WHERE (`user`.`deletedAt` IS NULL AND `user`.`id` = 2);"}
{"level":30,"time":"9:01:18 pm","pid":13488,"hostname":"LAPTOP-IKN8BARC","msg":"Executing (default): SELECT count(`like`.`id`) AS `count` FROM `likes` AS `like` LEFT OUTER JOIN `users` AS `user` ON `like`.`liked_by` = `user`.`id` AND (`user`.`deletedAt` IS NULL) WHERE `like`.`video_id` = '1';"}
{"level":30,"time":"9:01:18 pm","pid":13488,"hostname":"LAPTOP-IKN8BARC","msg":"Executing (default): SELECT `like`.`id`, `like`.`liked_by`, `like`.`video_id`, `like`.`is_liked`, `like`.`createdAt`, `like`.`updatedAt`, `user`.`id` AS `user.id`, `user`.`fname` AS `user.fname`, `user`.`lname` AS `user.lname`, `user`.`email` AS `user.email`, `user`.`gender` AS `user.gender`, `user`.`dob` AS `user.dob`, `user`.`phone` AS `user.phone`, `user`.`city` AS `user.city`, `user`.`address` AS `user.address`, `user`.`password` AS `user.password`, `user`.`role_id` AS `user.role_id`, `user`.`activation_token` AS `user.activation_token`, `user`.`token_created_at` AS `user.token_created_at`, `user`.`createdAt` AS `user.createdAt`, `user`.`updatedAt` AS `user.updatedAt`, `user`.`deletedAt` AS `user.deletedAt` FROM `likes` AS `like` LEFT OUTER JOIN `users` AS `user` ON `like`.`liked_by` = `user`.`id` AND (`user`.`deletedAt` IS NULL) WHERE `like`.`video_id` = '1';"}
{"level":30,"time":"9:01:27 pm","pid":2708,"hostname":"LAPTOP-IKN8BARC","msg":"server is running on port: http://localhost:8000"}
{"level":30,"time":"9:01:27 pm","pid":2708,"hostname":"LAPTOP-IKN8BARC","msg":"Executing (default): SELECT 1+1 AS result"}
{"level":30,"time":"9:01:27 pm","pid":2708,"hostname":"LAPTOP-IKN8BARC","msg":"DB connected"}
{"level":30,"time":"9:01:28 pm","pid":21036,"hostname":"LAPTOP-IKN8BARC","msg":"server is running on port: http://localhost:8000"}
{"level":30,"time":"9:01:29 pm","pid":21036,"hostname":"LAPTOP-IKN8BARC","msg":"Executing (default): SELECT 1+1 AS result"}
{"level":30,"time":"9:01:29 pm","pid":21036,"hostname":"LAPTOP-IKN8BARC","msg":"DB connected"}
{"level":30,"time":"9:02:26 pm","pid":7268,"hostname":"LAPTOP-IKN8BARC","msg":"server is running on port: http://localhost:8000"}
{"level":30,"time":"9:02:26 pm","pid":7268,"hostname":"LAPTOP-IKN8BARC","msg":"Executing (default): SELECT 1+1 AS result"}
{"level":30,"time":"9:02:26 pm","pid":7268,"hostname":"LAPTOP-IKN8BARC","msg":"DB connected"}
{"level":30,"time":"9:02:27 pm","pid":30120,"hostname":"LAPTOP-IKN8BARC","msg":"server is running on port: http://localhost:8000"}
{"level":30,"time":"9:02:27 pm","pid":30120,"hostname":"LAPTOP-IKN8BARC","msg":"Executing (default): SELECT 1+1 AS result"}
{"level":30,"time":"9:02:27 pm","pid":30120,"hostname":"LAPTOP-IKN8BARC","msg":"DB connected"}
{"level":30,"time":"9:02:39 pm","pid":36192,"hostname":"LAPTOP-IKN8BARC","msg":"server is running on port: http://localhost:8000"}
{"level":30,"time":"9:02:39 pm","pid":36192,"hostname":"LAPTOP-IKN8BARC","msg":"Executing (default): SELECT 1+1 AS result"}
{"level":30,"time":"9:02:39 pm","pid":36192,"hostname":"LAPTOP-IKN8BARC","msg":"DB connected"}
{"level":30,"time":"9:03:06 pm","pid":44384,"hostname":"LAPTOP-IKN8BARC","msg":"server is running on port: http://localhost:8000"}
{"level":30,"time":"9:03:06 pm","pid":44384,"hostname":"LAPTOP-IKN8BARC","msg":"Executing (default): SELECT 1+1 AS result"}
{"level":30,"time":"9:03:06 pm","pid":44384,"hostname":"LAPTOP-IKN8BARC","msg":"DB connected"}
{"level":30,"time":"9:03:24 pm","pid":40140,"hostname":"LAPTOP-IKN8BARC","msg":"server is running on port: http://localhost:8000"}
{"level":30,"time":"9:03:24 pm","pid":40140,"hostname":"LAPTOP-IKN8BARC","msg":"Executing (default): SELECT 1+1 AS result"}
{"level":30,"time":"9:03:24 pm","pid":40140,"hostname":"LAPTOP-IKN8BARC","msg":"DB connected"}
{"level":30,"time":"9:03:27 pm","pid":37892,"hostname":"LAPTOP-IKN8BARC","msg":"server is running on port: http://localhost:8000"}
{"level":30,"time":"9:03:27 pm","pid":37892,"hostname":"LAPTOP-IKN8BARC","msg":"Executing (default): SELECT 1+1 AS result"}
{"level":30,"time":"9:03:27 pm","pid":37892,"hostname":"LAPTOP-IKN8BARC","msg":"DB connected"}
{"level":30,"time":"9:03:31 pm","pid":23760,"hostname":"LAPTOP-IKN8BARC","msg":"server is running on port: http://localhost:8000"}
{"level":30,"time":"9:03:31 pm","pid":23760,"hostname":"LAPTOP-IKN8BARC","msg":"Executing (default): SELECT 1+1 AS result"}
{"level":30,"time":"9:03:31 pm","pid":23760,"hostname":"LAPTOP-IKN8BARC","msg":"DB connected"}
{"level":30,"time":"9:03:55 pm","pid":40248,"hostname":"LAPTOP-IKN8BARC","msg":"server is running on port: http://localhost:8000"}
{"level":30,"time":"9:03:55 pm","pid":40248,"hostname":"LAPTOP-IKN8BARC","msg":"Executing (default): SELECT 1+1 AS result"}
{"level":30,"time":"9:03:55 pm","pid":40248,"hostname":"LAPTOP-IKN8BARC","msg":"DB connected"}
{"level":30,"time":"9:03:57 pm","pid":27376,"hostname":"LAPTOP-IKN8BARC","msg":"server is running on port: http://localhost:8000"}
{"level":30,"time":"9:03:57 pm","pid":27376,"hostname":"LAPTOP-IKN8BARC","msg":"Executing (default): SELECT 1+1 AS result"}
{"level":30,"time":"9:03:57 pm","pid":27376,"hostname":"LAPTOP-IKN8BARC","msg":"DB connected"}
{"level":30,"time":"9:04:04 pm","pid":27376,"hostname":"LAPTOP-IKN8BARC","msg":"Executing (default): SELECT `id`, `fname`, `lname`, `email`, `gender`, `dob`, `phone`, `city`, `address`, `password`, `role_id`, `activation_token`, `token_created_at`, `createdAt`, `updatedAt`, `deletedAt` FROM `users` AS `user` WHERE (`user`.`deletedAt` IS NULL AND `user`.`id` = 2);"}
{"level":30,"time":"9:04:04 pm","pid":27376,"hostname":"LAPTOP-IKN8BARC","msg":"Executing (default): SELECT count(`like`.`id`) AS `count` FROM `likes` AS `like` LEFT OUTER JOIN `users` AS `user` ON `like`.`liked_by` = `user`.`id` AND (`user`.`deletedAt` IS NULL) WHERE `like`.`video_id` = 'me';"}
{"level":30,"time":"9:04:04 pm","pid":27376,"hostname":"LAPTOP-IKN8BARC","msg":"Executing (default): SELECT `like`.`id`, `like`.`liked_by`, `like`.`video_id`, `like`.`is_liked`, `like`.`createdAt`, `like`.`updatedAt`, `user`.`id` AS `user.id`, `user`.`fname` AS `user.fname`, `user`.`lname` AS `user.lname`, `user`.`email` AS `user.email`, `user`.`gender` AS `user.gender`, `user`.`dob` AS `user.dob`, `user`.`phone` AS `user.phone`, `user`.`city` AS `user.city`, `user`.`address` AS `user.address`, `user`.`password` AS `user.password`, `user`.`role_id` AS `user.role_id`, `user`.`activation_token` AS `user.activation_token`, `user`.`token_created_at` AS `user.token_created_at`, `user`.`createdAt` AS `user.createdAt`, `user`.`updatedAt` AS `user.updatedAt`, `user`.`deletedAt` AS `user.deletedAt` FROM `likes` AS `like` LEFT OUTER JOIN `users` AS `user` ON `like`.`liked_by` = `user`.`id` AND (`user`.`deletedAt` IS NULL) WHERE `like`.`video_id` = 'me';"}
{"level":30,"time":"9:04:19 pm","pid":27376,"hostname":"LAPTOP-IKN8BARC","msg":"Executing (default): SELECT `id`, `fname`, `lname`, `email`, `gender`, `dob`, `phone`, `city`, `address`, `password`, `role_id`, `activation_token`, `token_created_at`, `createdAt`, `updatedAt`, `deletedAt` FROM `users` AS `user` WHERE (`user`.`deletedAt` IS NULL AND `user`.`id` = 2);"}
{"level":30,"time":"9:04:19 pm","pid":27376,"hostname":"LAPTOP-IKN8BARC","msg":"Executing (default): SELECT count(`like`.`id`) AS `count` FROM `likes` AS `like` LEFT OUTER JOIN `users` AS `user` ON `like`.`liked_by` = `user`.`id` AND (`user`.`deletedAt` IS NULL) WHERE `like`.`video_id` = 'me';"}
{"level":30,"time":"9:04:19 pm","pid":27376,"hostname":"LAPTOP-IKN8BARC","msg":"Executing (default): SELECT `like`.`id`, `like`.`liked_by`, `like`.`video_id`, `like`.`is_liked`, `like`.`createdAt`, `like`.`updatedAt`, `user`.`id` AS `user.id`, `user`.`fname` AS `user.fname`, `user`.`lname` AS `user.lname`, `user`.`email` AS `user.email`, `user`.`gender` AS `user.gender`, `user`.`dob` AS `user.dob`, `user`.`phone` AS `user.phone`, `user`.`city` AS `user.city`, `user`.`address` AS `user.address`, `user`.`password` AS `user.password`, `user`.`role_id` AS `user.role_id`, `user`.`activation_token` AS `user.activation_token`, `user`.`token_created_at` AS `user.token_created_at`, `user`.`createdAt` AS `user.createdAt`, `user`.`updatedAt` AS `user.updatedAt`, `user`.`deletedAt` AS `user.deletedAt` FROM `likes` AS `like` LEFT OUTER JOIN `users` AS `user` ON `like`.`liked_by` = `user`.`id` AND (`user`.`deletedAt` IS NULL) WHERE `like`.`video_id` = 'me';"}
{"level":30,"time":"9:04:33 pm","pid":44660,"hostname":"LAPTOP-IKN8BARC","msg":"server is running on port: http://localhost:8000"}
{"level":30,"time":"9:04:33 pm","pid":44660,"hostname":"LAPTOP-IKN8BARC","msg":"Executing (default): SELECT 1+1 AS result"}
{"level":30,"time":"9:04:33 pm","pid":44660,"hostname":"LAPTOP-IKN8BARC","msg":"DB connected"}
{"level":30,"time":"9:04:38 pm","pid":44660,"hostname":"LAPTOP-IKN8BARC","msg":"Executing (default): SELECT `id`, `fname`, `lname`, `email`, `gender`, `dob`, `phone`, `city`, `address`, `password`, `role_id`, `activation_token`, `token_created_at`, `createdAt`, `updatedAt`, `deletedAt` FROM `users` AS `user` WHERE (`user`.`deletedAt` IS NULL AND `user`.`id` = 2);"}
{"level":30,"time":"9:04:38 pm","pid":44660,"hostname":"LAPTOP-IKN8BARC","msg":"Executing (default): SELECT count(`like`.`id`) AS `count` FROM `likes` AS `like` LEFT OUTER JOIN `users` AS `user` ON `like`.`liked_by` = `user`.`id` AND (`user`.`deletedAt` IS NULL) WHERE `like`.`liked_by` = 2;"}
{"level":30,"time":"9:04:38 pm","pid":44660,"hostname":"LAPTOP-IKN8BARC","msg":"Executing (default): SELECT `like`.`id`, `like`.`liked_by`, `like`.`video_id`, `like`.`is_liked`, `like`.`createdAt`, `like`.`updatedAt`, `user`.`id` AS `user.id`, `user`.`fname` AS `user.fname`, `user`.`lname` AS `user.lname`, `user`.`email` AS `user.email`, `user`.`gender` AS `user.gender`, `user`.`dob` AS `user.dob`, `user`.`phone` AS `user.phone`, `user`.`city` AS `user.city`, `user`.`address` AS `user.address`, `user`.`password` AS `user.password`, `user`.`role_id` AS `user.role_id`, `user`.`activation_token` AS `user.activation_token`, `user`.`token_created_at` AS `user.token_created_at`, `user`.`createdAt` AS `user.createdAt`, `user`.`updatedAt` AS `user.updatedAt`, `user`.`deletedAt` AS `user.deletedAt` FROM `likes` AS `like` LEFT OUTER JOIN `users` AS `user` ON `like`.`liked_by` = `user`.`id` AND (`user`.`deletedAt` IS NULL) WHERE `like`.`liked_by` = 2;"}
{"level":30,"time":"9:04:49 pm","pid":44660,"hostname":"LAPTOP-IKN8BARC","msg":"Executing (default): SELECT `id`, `fname`, `lname`, `email`, `gender`, `dob`, `phone`, `city`, `address`, `password`, `role_id`, `activation_token`, `token_created_at`, `createdAt`, `updatedAt`, `deletedAt` FROM `users` AS `user` WHERE (`user`.`deletedAt` IS NULL AND (`user`.`email` = 'dp123@gmail.com' AND `user`.`deletedAt` IS NULL)) LIMIT 1;"}
{"level":30,"time":"9:04:53 pm","pid":44660,"hostname":"LAPTOP-IKN8BARC","msg":"Executing (default): SELECT `id`, `fname`, `lname`, `email`, `gender`, `dob`, `phone`, `city`, `address`, `password`, `role_id`, `activation_token`, `token_created_at`, `createdAt`, `updatedAt`, `deletedAt` FROM `users` AS `user` WHERE (`user`.`deletedAt` IS NULL AND `user`.`id` = 1);"}
{"level":30,"time":"9:04:53 pm","pid":44660,"hostname":"LAPTOP-IKN8BARC","msg":"Executing (default): SELECT count(`like`.`id`) AS `count` FROM `likes` AS `like` LEFT OUTER JOIN `users` AS `user` ON `like`.`liked_by` = `user`.`id` AND (`user`.`deletedAt` IS NULL) WHERE `like`.`liked_by` = 1;"}
{"level":30,"time":"9:04:53 pm","pid":44660,"hostname":"LAPTOP-IKN8BARC","msg":"Executing (default): SELECT `like`.`id`, `like`.`liked_by`, `like`.`video_id`, `like`.`is_liked`, `like`.`createdAt`, `like`.`updatedAt`, `user`.`id` AS `user.id`, `user`.`fname` AS `user.fname`, `user`.`lname` AS `user.lname`, `user`.`email` AS `user.email`, `user`.`gender` AS `user.gender`, `user`.`dob` AS `user.dob`, `user`.`phone` AS `user.phone`, `user`.`city` AS `user.city`, `user`.`address` AS `user.address`, `user`.`password` AS `user.password`, `user`.`role_id` AS `user.role_id`, `user`.`activation_token` AS `user.activation_token`, `user`.`token_created_at` AS `user.token_created_at`, `user`.`createdAt` AS `user.createdAt`, `user`.`updatedAt` AS `user.updatedAt`, `user`.`deletedAt` AS `user.deletedAt` FROM `likes` AS `like` LEFT OUTER JOIN `users` AS `user` ON `like`.`liked_by` = `user`.`id` AND (`user`.`deletedAt` IS NULL) WHERE `like`.`liked_by` = 1;"}
{"level":30,"time":"9:34:21 pm","pid":38572,"hostname":"LAPTOP-IKN8BARC","msg":"server is running on port: http://localhost:8000"}
{"level":30,"time":"9:34:21 pm","pid":38572,"hostname":"LAPTOP-IKN8BARC","msg":"Executing (default): SELECT 1+1 AS result"}
{"level":30,"time":"9:34:21 pm","pid":38572,"hostname":"LAPTOP-IKN8BARC","msg":"DB connected"}
{"level":30,"time":"9:35:07 pm","pid":19096,"hostname":"LAPTOP-IKN8BARC","msg":"server is running on port: http://localhost:8000"}
{"level":30,"time":"9:35:07 pm","pid":19096,"hostname":"LAPTOP-IKN8BARC","msg":"Executing (default): SELECT 1+1 AS result"}
{"level":30,"time":"9:35:07 pm","pid":19096,"hostname":"LAPTOP-IKN8BARC","msg":"DB connected"}
{"level":30,"time":"9:35:27 pm","pid":37644,"hostname":"LAPTOP-IKN8BARC","msg":"server is running on port: http://localhost:8000"}
{"level":30,"time":"9:35:27 pm","pid":37644,"hostname":"LAPTOP-IKN8BARC","msg":"Executing (default): SELECT 1+1 AS result"}
{"level":30,"time":"9:35:27 pm","pid":37644,"hostname":"LAPTOP-IKN8BARC","msg":"DB connected"}
{"level":30,"time":"9:35:38 pm","pid":20452,"hostname":"LAPTOP-IKN8BARC","msg":"server is running on port: http://localhost:8000"}
{"level":30,"time":"9:35:38 pm","pid":20452,"hostname":"LAPTOP-IKN8BARC","msg":"Executing (default): SELECT 1+1 AS result"}
{"level":30,"time":"9:35:38 pm","pid":20452,"hostname":"LAPTOP-IKN8BARC","msg":"DB connected"}
{"level":30,"time":"9:35:55 pm","pid":26048,"hostname":"LAPTOP-IKN8BARC","msg":"server is running on port: http://localhost:8000"}
{"level":30,"time":"9:35:55 pm","pid":26048,"hostname":"LAPTOP-IKN8BARC","msg":"Executing (default): SELECT 1+1 AS result"}
{"level":30,"time":"9:35:55 pm","pid":26048,"hostname":"LAPTOP-IKN8BARC","msg":"DB connected"}
{"level":30,"time":"9:36:03 pm","pid":12192,"hostname":"LAPTOP-IKN8BARC","msg":"server is running on port: http://localhost:8000"}
{"level":30,"time":"9:36:03 pm","pid":12192,"hostname":"LAPTOP-IKN8BARC","msg":"Executing (default): SELECT 1+1 AS result"}
{"level":30,"time":"9:36:03 pm","pid":12192,"hostname":"LAPTOP-IKN8BARC","msg":"DB connected"}
{"level":30,"time":"9:36:04 pm","pid":35040,"hostname":"LAPTOP-IKN8BARC","msg":"server is running on port: http://localhost:8000"}
{"level":30,"time":"9:36:04 pm","pid":35040,"hostname":"LAPTOP-IKN8BARC","msg":"Executing (default): SELECT 1+1 AS result"}
{"level":30,"time":"9:36:04 pm","pid":35040,"hostname":"LAPTOP-IKN8BARC","msg":"DB connected"}
{"level":30,"time":"9:36:07 pm","pid":40304,"hostname":"LAPTOP-IKN8BARC","msg":"server is running on port: http://localhost:8000"}
{"level":30,"time":"9:36:07 pm","pid":40304,"hostname":"LAPTOP-IKN8BARC","msg":"Executing (default): SELECT 1+1 AS result"}
{"level":30,"time":"9:36:07 pm","pid":40304,"hostname":"LAPTOP-IKN8BARC","msg":"DB connected"}
{"level":30,"time":"9:36:11 pm","pid":6432,"hostname":"LAPTOP-IKN8BARC","msg":"server is running on port: http://localhost:8000"}
{"level":30,"time":"9:36:11 pm","pid":6432,"hostname":"LAPTOP-IKN8BARC","msg":"Executing (default): SELECT 1+1 AS result"}
{"level":30,"time":"9:36:11 pm","pid":6432,"hostname":"LAPTOP-IKN8BARC","msg":"DB connected"}
{"level":30,"time":"9:36:26 pm","pid":40868,"hostname":"LAPTOP-IKN8BARC","msg":"server is running on port: http://localhost:8000"}
{"level":30,"time":"9:36:26 pm","pid":40868,"hostname":"LAPTOP-IKN8BARC","msg":"Executing (default): SELECT 1+1 AS result"}
{"level":30,"time":"9:36:26 pm","pid":40868,"hostname":"LAPTOP-IKN8BARC","msg":"DB connected"}
{"level":30,"time":"9:37:01 pm","pid":7556,"hostname":"LAPTOP-IKN8BARC","msg":"server is running on port: http://localhost:8000"}
{"level":30,"time":"9:37:01 pm","pid":7556,"hostname":"LAPTOP-IKN8BARC","msg":"Executing (default): SELECT 1+1 AS result"}
{"level":30,"time":"9:37:01 pm","pid":7556,"hostname":"LAPTOP-IKN8BARC","msg":"DB connected"}
{"level":30,"time":"9:37:03 pm","pid":44840,"hostname":"LAPTOP-IKN8BARC","msg":"server is running on port: http://localhost:8000"}
{"level":30,"time":"9:37:03 pm","pid":44840,"hostname":"LAPTOP-IKN8BARC","msg":"Executing (default): SELECT 1+1 AS result"}
{"level":30,"time":"9:37:03 pm","pid":44840,"hostname":"LAPTOP-IKN8BARC","msg":"DB connected"}
{"level":30,"time":"9:37:14 pm","pid":23748,"hostname":"LAPTOP-IKN8BARC","msg":"server is running on port: http://localhost:8000"}
{"level":30,"time":"9:37:14 pm","pid":23748,"hostname":"LAPTOP-IKN8BARC","msg":"Executing (default): SELECT 1+1 AS result"}
{"level":30,"time":"9:37:14 pm","pid":23748,"hostname":"LAPTOP-IKN8BARC","msg":"DB connected"}
{"level":30,"time":"9:37:21 pm","pid":11300,"hostname":"LAPTOP-IKN8BARC","msg":"server is running on port: http://localhost:8000"}
{"level":30,"time":"9:37:21 pm","pid":11300,"hostname":"LAPTOP-IKN8BARC","msg":"Executing (default): SELECT 1+1 AS result"}
{"level":30,"time":"9:37:21 pm","pid":11300,"hostname":"LAPTOP-IKN8BARC","msg":"DB connected"}
{"level":30,"time":"9:37:24 pm","pid":19420,"hostname":"LAPTOP-IKN8BARC","msg":"server is running on port: http://localhost:8000"}
{"level":30,"time":"9:37:24 pm","pid":19420,"hostname":"LAPTOP-IKN8BARC","msg":"Executing (default): SELECT 1+1 AS result"}
{"level":30,"time":"9:37:24 pm","pid":19420,"hostname":"LAPTOP-IKN8BARC","msg":"DB connected"}
{"level":30,"time":"9:38:28 pm","pid":2868,"hostname":"LAPTOP-IKN8BARC","msg":"server is running on port: http://localhost:8000"}
{"level":30,"time":"9:38:28 pm","pid":2868,"hostname":"LAPTOP-IKN8BARC","msg":"Executing (default): SELECT 1+1 AS result"}
{"level":30,"time":"9:38:28 pm","pid":2868,"hostname":"LAPTOP-IKN8BARC","msg":"DB connected"}
{"level":30,"time":"9:38:47 pm","pid":20424,"hostname":"LAPTOP-IKN8BARC","msg":"server is running on port: http://localhost:8000"}
{"level":30,"time":"9:38:47 pm","pid":20424,"hostname":"LAPTOP-IKN8BARC","msg":"Executing (default): SELECT 1+1 AS result"}
{"level":30,"time":"9:38:47 pm","pid":20424,"hostname":"LAPTOP-IKN8BARC","msg":"DB connected"}
{"level":30,"time":"9:39:02 pm","pid":16504,"hostname":"LAPTOP-IKN8BARC","msg":"server is running on port: http://localhost:8000"}
{"level":30,"time":"9:39:02 pm","pid":16504,"hostname":"LAPTOP-IKN8BARC","msg":"Executing (default): SELECT 1+1 AS result"}
{"level":30,"time":"9:39:02 pm","pid":16504,"hostname":"LAPTOP-IKN8BARC","msg":"DB connected"}
{"level":30,"time":"9:39:17 pm","pid":9940,"hostname":"LAPTOP-IKN8BARC","msg":"server is running on port: http://localhost:8000"}
{"level":30,"time":"9:39:17 pm","pid":9940,"hostname":"LAPTOP-IKN8BARC","msg":"Executing (default): SELECT 1+1 AS result"}
{"level":30,"time":"9:39:17 pm","pid":9940,"hostname":"LAPTOP-IKN8BARC","msg":"DB connected"}
{"level":30,"time":"9:39:31 pm","pid":41108,"hostname":"LAPTOP-IKN8BARC","msg":"server is running on port: http://localhost:8000"}
{"level":30,"time":"9:39:31 pm","pid":41108,"hostname":"LAPTOP-IKN8BARC","msg":"Executing (default): SELECT 1+1 AS result"}
{"level":30,"time":"9:39:31 pm","pid":41108,"hostname":"LAPTOP-IKN8BARC","msg":"DB connected"}
{"level":30,"time":"9:39:43 pm","pid":4068,"hostname":"LAPTOP-IKN8BARC","msg":"server is running on port: http://localhost:8000"}
{"level":30,"time":"9:39:43 pm","pid":4068,"hostname":"LAPTOP-IKN8BARC","msg":"Executing (default): SELECT 1+1 AS result"}
{"level":30,"time":"9:39:43 pm","pid":4068,"hostname":"LAPTOP-IKN8BARC","msg":"DB connected"}
{"level":30,"time":"9:39:51 pm","pid":44376,"hostname":"LAPTOP-IKN8BARC","msg":"server is running on port: http://localhost:8000"}
{"level":30,"time":"9:39:51 pm","pid":44376,"hostname":"LAPTOP-IKN8BARC","msg":"Executing (default): SELECT 1+1 AS result"}
{"level":30,"time":"9:39:51 pm","pid":44376,"hostname":"LAPTOP-IKN8BARC","msg":"DB connected"}
{"level":30,"time":"9:40:05 pm","pid":22364,"hostname":"LAPTOP-IKN8BARC","msg":"server is running on port: http://localhost:8000"}
{"level":30,"time":"9:40:05 pm","pid":22364,"hostname":"LAPTOP-IKN8BARC","msg":"Executing (default): SELECT 1+1 AS result"}
{"level":30,"time":"9:40:05 pm","pid":22364,"hostname":"LAPTOP-IKN8BARC","msg":"DB connected"}
{"level":30,"time":"9:40:17 pm","pid":40076,"hostname":"LAPTOP-IKN8BARC","msg":"server is running on port: http://localhost:8000"}
{"level":30,"time":"9:40:17 pm","pid":40076,"hostname":"LAPTOP-IKN8BARC","msg":"Executing (default): SELECT 1+1 AS result"}
{"level":30,"time":"9:40:17 pm","pid":40076,"hostname":"LAPTOP-IKN8BARC","msg":"DB connected"}
{"level":30,"time":"9:40:24 pm","pid":20368,"hostname":"LAPTOP-IKN8BARC","msg":"server is running on port: http://localhost:8000"}
{"level":30,"time":"9:40:24 pm","pid":20368,"hostname":"LAPTOP-IKN8BARC","msg":"Executing (default): SELECT 1+1 AS result"}
{"level":30,"time":"9:40:24 pm","pid":20368,"hostname":"LAPTOP-IKN8BARC","msg":"DB connected"}
{"level":30,"time":"9:40:37 pm","pid":43756,"hostname":"LAPTOP-IKN8BARC","msg":"server is running on port: http://localhost:8000"}
{"level":30,"time":"9:40:37 pm","pid":43756,"hostname":"LAPTOP-IKN8BARC","msg":"Executing (default): SELECT 1+1 AS result"}
{"level":30,"time":"9:40:37 pm","pid":43756,"hostname":"LAPTOP-IKN8BARC","msg":"DB connected"}
{"level":30,"time":"9:40:39 pm","pid":14532,"hostname":"LAPTOP-IKN8BARC","msg":"server is running on port: http://localhost:8000"}
{"level":30,"time":"9:40:39 pm","pid":14532,"hostname":"LAPTOP-IKN8BARC","msg":"Executing (default): SELECT 1+1 AS result"}
{"level":30,"time":"9:40:39 pm","pid":14532,"hostname":"LAPTOP-IKN8BARC","msg":"DB connected"}
{"level":30,"time":"9:41:08 pm","pid":1816,"hostname":"LAPTOP-IKN8BARC","msg":"server is running on port: http://localhost:8000"}
{"level":30,"time":"9:41:08 pm","pid":1816,"hostname":"LAPTOP-IKN8BARC","msg":"Executing (default): SELECT 1+1 AS result"}
{"level":30,"time":"9:41:08 pm","pid":1816,"hostname":"LAPTOP-IKN8BARC","msg":"DB connected"}
{"level":30,"time":"9:41:10 pm","pid":42964,"hostname":"LAPTOP-IKN8BARC","msg":"server is running on port: http://localhost:8000"}
{"level":30,"time":"9:41:10 pm","pid":42964,"hostname":"LAPTOP-IKN8BARC","msg":"Executing (default): SELECT 1+1 AS result"}
{"level":30,"time":"9:41:10 pm","pid":42964,"hostname":"LAPTOP-IKN8BARC","msg":"DB connected"}
{"level":30,"time":"9:41:19 pm","pid":22008,"hostname":"LAPTOP-IKN8BARC","msg":"server is running on port: http://localhost:8000"}
{"level":30,"time":"9:41:19 pm","pid":22008,"hostname":"LAPTOP-IKN8BARC","msg":"Executing (default): SELECT 1+1 AS result"}
{"level":30,"time":"9:41:19 pm","pid":22008,"hostname":"LAPTOP-IKN8BARC","msg":"DB connected"}
{"level":30,"time":"9:42:14 pm","pid":22008,"hostname":"LAPTOP-IKN8BARC","msg":"Executing (default): SELECT `id`, `fname`, `lname`, `email`, `gender`, `dob`, `phone`, `city`, `address`, `password`, `role_id`, `activation_token`, `token_created_at`, `createdAt`, `updatedAt`, `deletedAt` FROM `users` AS `user` WHERE (`user`.`deletedAt` IS NULL AND `user`.`id` = 1);"}
{"level":50,"time":"9:42:14 pm","pid":22008,"hostname":"LAPTOP-IKN8BARC","err":{"type":"TypeError","message":"Cannot read properties of undefined (reading 'comment')","stack":"TypeError: Cannot read properties of undefined (reading 'comment')\n    at exports.sendComment (E:\\eSparkBiz\\Video_Verse\\controllers\\commentController.js:8:22)\n    at Layer.handle [as handle_request] (E:\\eSparkBiz\\Video_Verse\\node_modules\\express\\lib\\router\\layer.js:95:5)\n    at next (E:\\eSparkBiz\\Video_Verse\\node_modules\\express\\lib\\router\\route.js:149:13)\n    at Route.dispatch (E:\\eSparkBiz\\Video_Verse\\node_modules\\express\\lib\\router\\route.js:119:3)\n    at Layer.handle [as handle_request] (E:\\eSparkBiz\\Video_Verse\\node_modules\\express\\lib\\router\\layer.js:95:5)\n    at E:\\eSparkBiz\\Video_Verse\\node_modules\\express\\lib\\router\\index.js:284:15\n    at param (E:\\eSparkBiz\\Video_Verse\\node_modules\\express\\lib\\router\\index.js:365:14)\n    at param (E:\\eSparkBiz\\Video_Verse\\node_modules\\express\\lib\\router\\index.js:376:14)\n    at Function.process_params (E:\\eSparkBiz\\Video_Verse\\node_modules\\express\\lib\\router\\index.js:421:3)\n    at next (E:\\eSparkBiz\\Video_Verse\\node_modules\\express\\lib\\router\\index.js:280:10)"},"msg":"Cannot read properties of undefined (reading 'comment')"}
{"level":30,"time":"9:42:58 pm","pid":12412,"hostname":"LAPTOP-IKN8BARC","msg":"server is running on port: http://localhost:8000"}
{"level":30,"time":"9:42:58 pm","pid":12412,"hostname":"LAPTOP-IKN8BARC","msg":"Executing (default): SELECT 1+1 AS result"}
{"level":30,"time":"9:42:58 pm","pid":12412,"hostname":"LAPTOP-IKN8BARC","msg":"DB connected"}
{"level":30,"time":"9:42:59 pm","pid":12412,"hostname":"LAPTOP-IKN8BARC","msg":"Executing (default): SELECT `id`, `fname`, `lname`, `email`, `gender`, `dob`, `phone`, `city`, `address`, `password`, `role_id`, `activation_token`, `token_created_at`, `createdAt`, `updatedAt`, `deletedAt` FROM `users` AS `user` WHERE (`user`.`deletedAt` IS NULL AND `user`.`id` = 1);"}
{"level":50,"time":"9:42:59 pm","pid":12412,"hostname":"LAPTOP-IKN8BARC","err":{"type":"TypeError","message":"Cannot read properties of undefined (reading 'comment')","stack":"TypeError: Cannot read properties of undefined (reading 'comment')\n    at exports.sendComment (E:\\eSparkBiz\\Video_Verse\\controllers\\commentController.js:8:22)\n    at Layer.handle [as handle_request] (E:\\eSparkBiz\\Video_Verse\\node_modules\\express\\lib\\router\\layer.js:95:5)\n    at next (E:\\eSparkBiz\\Video_Verse\\node_modules\\express\\lib\\router\\route.js:149:13)\n    at Route.dispatch (E:\\eSparkBiz\\Video_Verse\\node_modules\\express\\lib\\router\\route.js:119:3)\n    at Layer.handle [as handle_request] (E:\\eSparkBiz\\Video_Verse\\node_modules\\express\\lib\\router\\layer.js:95:5)\n    at E:\\eSparkBiz\\Video_Verse\\node_modules\\express\\lib\\router\\index.js:284:15\n    at param (E:\\eSparkBiz\\Video_Verse\\node_modules\\express\\lib\\router\\index.js:365:14)\n    at param (E:\\eSparkBiz\\Video_Verse\\node_modules\\express\\lib\\router\\index.js:376:14)\n    at Function.process_params (E:\\eSparkBiz\\Video_Verse\\node_modules\\express\\lib\\router\\index.js:421:3)\n    at next (E:\\eSparkBiz\\Video_Verse\\node_modules\\express\\lib\\router\\index.js:280:10)"},"msg":"Cannot read properties of undefined (reading 'comment')"}
{"level":30,"time":"9:43:24 pm","pid":37036,"hostname":"LAPTOP-IKN8BARC","msg":"server is running on port: http://localhost:8000"}
{"level":30,"time":"9:43:24 pm","pid":37036,"hostname":"LAPTOP-IKN8BARC","msg":"Executing (default): SELECT 1+1 AS result"}
{"level":30,"time":"9:43:24 pm","pid":37036,"hostname":"LAPTOP-IKN8BARC","msg":"DB connected"}
{"level":30,"time":"9:43:25 pm","pid":37036,"hostname":"LAPTOP-IKN8BARC","msg":"Executing (default): SELECT `id`, `fname`, `lname`, `email`, `gender`, `dob`, `phone`, `city`, `address`, `password`, `role_id`, `activation_token`, `token_created_at`, `createdAt`, `updatedAt`, `deletedAt` FROM `users` AS `user` WHERE (`user`.`deletedAt` IS NULL AND `user`.`id` = 1);"}
{"level":50,"time":"9:43:25 pm","pid":37036,"hostname":"LAPTOP-IKN8BARC","err":{"type":"TypeError","message":"Cannot read properties of undefined (reading 'comment')","stack":"TypeError: Cannot read properties of undefined (reading 'comment')\n    at exports.sendComment (E:\\eSparkBiz\\Video_Verse\\controllers\\commentController.js:10:22)\n    at Layer.handle [as handle_request] (E:\\eSparkBiz\\Video_Verse\\node_modules\\express\\lib\\router\\layer.js:95:5)\n    at next (E:\\eSparkBiz\\Video_Verse\\node_modules\\express\\lib\\router\\route.js:149:13)\n    at Route.dispatch (E:\\eSparkBiz\\Video_Verse\\node_modules\\express\\lib\\router\\route.js:119:3)\n    at Layer.handle [as handle_request] (E:\\eSparkBiz\\Video_Verse\\node_modules\\express\\lib\\router\\layer.js:95:5)\n    at E:\\eSparkBiz\\Video_Verse\\node_modules\\express\\lib\\router\\index.js:284:15\n    at param (E:\\eSparkBiz\\Video_Verse\\node_modules\\express\\lib\\router\\index.js:365:14)\n    at param (E:\\eSparkBiz\\Video_Verse\\node_modules\\express\\lib\\router\\index.js:376:14)\n    at Function.process_params (E:\\eSparkBiz\\Video_Verse\\node_modules\\express\\lib\\router\\index.js:421:3)\n    at next (E:\\eSparkBiz\\Video_Verse\\node_modules\\express\\lib\\router\\index.js:280:10)"},"msg":"Cannot read properties of undefined (reading 'comment')"}
{"level":30,"time":"9:43:51 pm","pid":28128,"hostname":"LAPTOP-IKN8BARC","msg":"server is running on port: http://localhost:8000"}
{"level":30,"time":"9:43:51 pm","pid":28128,"hostname":"LAPTOP-IKN8BARC","msg":"Executing (default): SELECT 1+1 AS result"}
{"level":30,"time":"9:43:51 pm","pid":28128,"hostname":"LAPTOP-IKN8BARC","msg":"DB connected"}
{"level":30,"time":"9:43:54 pm","pid":28128,"hostname":"LAPTOP-IKN8BARC","msg":"Executing (default): SELECT `id`, `fname`, `lname`, `email`, `gender`, `dob`, `phone`, `city`, `address`, `password`, `role_id`, `activation_token`, `token_created_at`, `createdAt`, `updatedAt`, `deletedAt` FROM `users` AS `user` WHERE (`user`.`deletedAt` IS NULL AND `user`.`id` = 1);"}
{"level":50,"time":"9:43:54 pm","pid":28128,"hostname":"LAPTOP-IKN8BARC","err":{"type":"Error","message":"WHERE parameter \"video_id\" has invalid \"undefined\" value","stack":"Error: WHERE parameter \"video_id\" has invalid \"undefined\" value\n    at MySQLQueryGenerator.whereItemQuery (E:\\eSparkBiz\\Video_Verse\\node_modules\\sequelize\\lib\\dialects\\abstract\\query-generator.js:1743:13)\n    at E:\\eSparkBiz\\Video_Verse\\node_modules\\sequelize\\lib\\dialects\\abstract\\query-generator.js:1734:25\n    at Array.forEach (<anonymous>)\n    at MySQLQueryGenerator.whereItemsQuery (E:\\eSparkBiz\\Video_Verse\\node_modules\\sequelize\\lib\\dialects\\abstract\\query-generator.js:1732:35)\n    at E:\\eSparkBiz\\Video_Verse\\node_modules\\sequelize\\lib\\dialects\\abstract\\query-generator.js:1840:30\n    at Array.map (<anonymous>)\n    at MySQLQueryGenerator._whereGroupBind (E:\\eSparkBiz\\Video_Verse\\node_modules\\sequelize\\lib\\dialects\\abstract\\query-generator.js:1839:21)\n    at MySQLQueryGenerator.whereItemQuery (E:\\eSparkBiz\\Video_Verse\\node_modules\\sequelize\\lib\\dialects\\abstract\\query-generator.js:1790:19)\n    at E:\\eSparkBiz\\Video_Verse\\node_modules\\sequelize\\lib\\dialects\\abstract\\query-generator.js:1734:25\n    at Array.forEach (<anonymous>)"},"msg":"WHERE parameter \"video_id\" has invalid \"undefined\" value"}
{"level":30,"time":"9:44:04 pm","pid":43520,"hostname":"LAPTOP-IKN8BARC","msg":"server is running on port: http://localhost:8000"}
{"level":30,"time":"9:44:04 pm","pid":43520,"hostname":"LAPTOP-IKN8BARC","msg":"Executing (default): SELECT 1+1 AS result"}
{"level":30,"time":"9:44:04 pm","pid":43520,"hostname":"LAPTOP-IKN8BARC","msg":"DB connected"}
{"level":30,"time":"9:44:04 pm","pid":43520,"hostname":"LAPTOP-IKN8BARC","msg":"Executing (default): SELECT `id`, `fname`, `lname`, `email`, `gender`, `dob`, `phone`, `city`, `address`, `password`, `role_id`, `activation_token`, `token_created_at`, `createdAt`, `updatedAt`, `deletedAt` FROM `users` AS `user` WHERE (`user`.`deletedAt` IS NULL AND `user`.`id` = 1);"}
{"level":30,"time":"9:44:04 pm","pid":43520,"hostname":"LAPTOP-IKN8BARC","msg":"Executing (default): SELECT `id`, `video_id`, `comment`, `commented_by`, `createdAt`, `updatedAt`, `deletedAt` FROM `comments` AS `comment` WHERE (`comment`.`deletedAt` IS NULL AND (`comment`.`commented_by` = 1 AND `comment`.`video_id` = '1')) LIMIT 1;"}
{"level":30,"time":"9:44:05 pm","pid":43520,"hostname":"LAPTOP-IKN8BARC","msg":"Executing (default): INSERT INTO `comments` (`id`,`video_id`,`comment`,`commented_by`,`createdAt`,`updatedAt`) VALUES (DEFAULT,?,?,?,?,?);"}
{"level":30,"time":"9:44:29 pm","pid":43520,"hostname":"LAPTOP-IKN8BARC","msg":"Executing (default): SELECT `id`, `fname`, `lname`, `email`, `gender`, `dob`, `phone`, `city`, `address`, `password`, `role_id`, `activation_token`, `token_created_at`, `createdAt`, `updatedAt`, `deletedAt` FROM `users` AS `user` WHERE (`user`.`deletedAt` IS NULL AND `user`.`id` = 1);"}
{"level":30,"time":"9:44:29 pm","pid":43520,"hostname":"LAPTOP-IKN8BARC","msg":"Executing (default): SELECT `id`, `video_id`, `comment`, `commented_by`, `createdAt`, `updatedAt`, `deletedAt` FROM `comments` AS `comment` WHERE (`comment`.`deletedAt` IS NULL AND (`comment`.`commented_by` = 1 AND `comment`.`video_id` = '1')) LIMIT 1;"}
{"level":30,"time":"9:44:38 pm","pid":42632,"hostname":"LAPTOP-IKN8BARC","msg":"server is running on port: http://localhost:8000"}
{"level":30,"time":"9:44:38 pm","pid":42632,"hostname":"LAPTOP-IKN8BARC","msg":"Executing (default): SELECT 1+1 AS result"}
{"level":30,"time":"9:44:38 pm","pid":42632,"hostname":"LAPTOP-IKN8BARC","msg":"DB connected"}
{"level":30,"time":"9:45:13 pm","pid":41068,"hostname":"LAPTOP-IKN8BARC","msg":"server is running on port: http://localhost:8000"}
{"level":30,"time":"9:45:13 pm","pid":41068,"hostname":"LAPTOP-IKN8BARC","msg":"Executing (default): SELECT 1+1 AS result"}
{"level":30,"time":"9:45:13 pm","pid":41068,"hostname":"LAPTOP-IKN8BARC","msg":"DB connected"}
{"level":30,"time":"9:45:14 pm","pid":42032,"hostname":"LAPTOP-IKN8BARC","msg":"server is running on port: http://localhost:8000"}
{"level":30,"time":"9:45:14 pm","pid":42032,"hostname":"LAPTOP-IKN8BARC","msg":"Executing (default): SELECT 1+1 AS result"}
{"level":30,"time":"9:45:14 pm","pid":42032,"hostname":"LAPTOP-IKN8BARC","msg":"DB connected"}
{"level":30,"time":"9:45:24 pm","pid":12860,"hostname":"LAPTOP-IKN8BARC","msg":"server is running on port: http://localhost:8000"}
{"level":30,"time":"9:45:24 pm","pid":12860,"hostname":"LAPTOP-IKN8BARC","msg":"Executing (default): SELECT 1+1 AS result"}
{"level":30,"time":"9:45:24 pm","pid":12860,"hostname":"LAPTOP-IKN8BARC","msg":"DB connected"}
{"level":30,"time":"9:45:54 pm","pid":44448,"hostname":"LAPTOP-IKN8BARC","msg":"server is running on port: http://localhost:8000"}
{"level":30,"time":"9:45:54 pm","pid":44448,"hostname":"LAPTOP-IKN8BARC","msg":"Executing (default): SELECT 1+1 AS result"}
{"level":30,"time":"9:45:54 pm","pid":44448,"hostname":"LAPTOP-IKN8BARC","msg":"DB connected"}
{"level":30,"time":"9:46:03 pm","pid":19780,"hostname":"LAPTOP-IKN8BARC","msg":"server is running on port: http://localhost:8000"}
{"level":30,"time":"9:46:03 pm","pid":19780,"hostname":"LAPTOP-IKN8BARC","msg":"Executing (default): SELECT 1+1 AS result"}
{"level":30,"time":"9:46:03 pm","pid":19780,"hostname":"LAPTOP-IKN8BARC","msg":"DB connected"}
{"level":30,"time":"9:46:17 pm","pid":41128,"hostname":"LAPTOP-IKN8BARC","msg":"server is running on port: http://localhost:8000"}
{"level":30,"time":"9:46:17 pm","pid":41128,"hostname":"LAPTOP-IKN8BARC","msg":"Executing (default): SELECT 1+1 AS result"}
{"level":30,"time":"9:46:17 pm","pid":41128,"hostname":"LAPTOP-IKN8BARC","msg":"DB connected"}
{"level":30,"time":"9:47:11 pm","pid":41108,"hostname":"LAPTOP-IKN8BARC","msg":"server is running on port: http://localhost:8000"}
{"level":30,"time":"9:47:11 pm","pid":41108,"hostname":"LAPTOP-IKN8BARC","msg":"Executing (default): SELECT 1+1 AS result"}
{"level":30,"time":"9:47:11 pm","pid":41108,"hostname":"LAPTOP-IKN8BARC","msg":"DB connected"}
{"level":30,"time":"9:47:18 pm","pid":14036,"hostname":"LAPTOP-IKN8BARC","msg":"server is running on port: http://localhost:8000"}
{"level":30,"time":"9:47:18 pm","pid":14036,"hostname":"LAPTOP-IKN8BARC","msg":"Executing (default): SELECT 1+1 AS result"}
{"level":30,"time":"9:47:18 pm","pid":14036,"hostname":"LAPTOP-IKN8BARC","msg":"DB connected"}
{"level":30,"time":"9:47:35 pm","pid":29184,"hostname":"LAPTOP-IKN8BARC","msg":"server is running on port: http://localhost:8000"}
{"level":30,"time":"9:47:35 pm","pid":29184,"hostname":"LAPTOP-IKN8BARC","msg":"Executing (default): SELECT 1+1 AS result"}
{"level":30,"time":"9:47:35 pm","pid":29184,"hostname":"LAPTOP-IKN8BARC","msg":"DB connected"}
{"level":30,"time":"9:47:44 pm","pid":43376,"hostname":"LAPTOP-IKN8BARC","msg":"server is running on port: http://localhost:8000"}
{"level":30,"time":"9:47:44 pm","pid":43376,"hostname":"LAPTOP-IKN8BARC","msg":"Executing (default): SELECT 1+1 AS result"}
{"level":30,"time":"9:47:44 pm","pid":43376,"hostname":"LAPTOP-IKN8BARC","msg":"DB connected"}
{"level":30,"time":"9:47:48 pm","pid":13656,"hostname":"LAPTOP-IKN8BARC","msg":"server is running on port: http://localhost:8000"}
{"level":30,"time":"9:47:48 pm","pid":13656,"hostname":"LAPTOP-IKN8BARC","msg":"Executing (default): SELECT 1+1 AS result"}
{"level":30,"time":"9:47:48 pm","pid":13656,"hostname":"LAPTOP-IKN8BARC","msg":"DB connected"}
{"level":30,"time":"9:47:57 pm","pid":43916,"hostname":"LAPTOP-IKN8BARC","msg":"server is running on port: http://localhost:8000"}
{"level":30,"time":"9:47:57 pm","pid":43916,"hostname":"LAPTOP-IKN8BARC","msg":"Executing (default): SELECT 1+1 AS result"}
{"level":30,"time":"9:47:57 pm","pid":43916,"hostname":"LAPTOP-IKN8BARC","msg":"DB connected"}
{"level":30,"time":"9:48:01 pm","pid":43916,"hostname":"LAPTOP-IKN8BARC","msg":"Executing (default): SELECT `id`, `fname`, `lname`, `email`, `gender`, `dob`, `phone`, `city`, `address`, `password`, `role_id`, `activation_token`, `token_created_at`, `createdAt`, `updatedAt`, `deletedAt` FROM `users` AS `user` WHERE (`user`.`deletedAt` IS NULL AND `user`.`id` = 1);"}
{"level":30,"time":"9:48:01 pm","pid":43916,"hostname":"LAPTOP-IKN8BARC","msg":"Executing (default): SELECT count(`comment`.`id`) AS `count` FROM `comments` AS `comment` LEFT OUTER JOIN `users` AS `user` ON `comment`.`commented_by` = `user`.`id` AND (`user`.`deletedAt` IS NULL) WHERE (`comment`.`deletedAt` IS NULL AND `comment`.`video_id` = '1');"}
{"level":30,"time":"9:48:01 pm","pid":43916,"hostname":"LAPTOP-IKN8BARC","msg":"Executing (default): SELECT `comment`.`id`, `comment`.`video_id`, `comment`.`comment`, `comment`.`commented_by`, `comment`.`createdAt`, `comment`.`updatedAt`, `comment`.`deletedAt`, `user`.`id` AS `user.id`, `user`.`fname` AS `user.fname`, `user`.`lname` AS `user.lname`, `user`.`email` AS `user.email`, `user`.`gender` AS `user.gender`, `user`.`dob` AS `user.dob`, `user`.`phone` AS `user.phone`, `user`.`city` AS `user.city`, `user`.`address` AS `user.address`, `user`.`password` AS `user.password`, `user`.`role_id` AS `user.role_id`, `user`.`activation_token` AS `user.activation_token`, `user`.`token_created_at` AS `user.token_created_at`, `user`.`createdAt` AS `user.createdAt`, `user`.`updatedAt` AS `user.updatedAt`, `user`.`deletedAt` AS `user.deletedAt` FROM `comments` AS `comment` LEFT OUTER JOIN `users` AS `user` ON `comment`.`commented_by` = `user`.`id` AND (`user`.`deletedAt` IS NULL) WHERE (`comment`.`deletedAt` IS NULL AND `comment`.`video_id` = '1');"}
{"level":30,"time":"9:48:14 pm","pid":43916,"hostname":"LAPTOP-IKN8BARC","msg":"Executing (default): SELECT `id`, `fname`, `lname`, `email`, `gender`, `dob`, `phone`, `city`, `address`, `password`, `role_id`, `activation_token`, `token_created_at`, `createdAt`, `updatedAt`, `deletedAt` FROM `users` AS `user` WHERE (`user`.`deletedAt` IS NULL AND (`user`.`email` = 'dp12@gmail.com' AND `user`.`deletedAt` IS NULL)) LIMIT 1;"}
{"level":30,"time":"9:48:19 pm","pid":43916,"hostname":"LAPTOP-IKN8BARC","msg":"Executing (default): SELECT `id`, `fname`, `lname`, `email`, `gender`, `dob`, `phone`, `city`, `address`, `password`, `role_id`, `activation_token`, `token_created_at`, `createdAt`, `updatedAt`, `deletedAt` FROM `users` AS `user` WHERE (`user`.`deletedAt` IS NULL AND `user`.`id` = 2);"}
{"level":30,"time":"9:48:19 pm","pid":43916,"hostname":"LAPTOP-IKN8BARC","msg":"Executing (default): SELECT count(`comment`.`id`) AS `count` FROM `comments` AS `comment` LEFT OUTER JOIN `users` AS `user` ON `comment`.`commented_by` = `user`.`id` AND (`user`.`deletedAt` IS NULL) WHERE (`comment`.`deletedAt` IS NULL AND `comment`.`video_id` = '1');"}
{"level":30,"time":"9:48:19 pm","pid":43916,"hostname":"LAPTOP-IKN8BARC","msg":"Executing (default): SELECT `comment`.`id`, `comment`.`video_id`, `comment`.`comment`, `comment`.`commented_by`, `comment`.`createdAt`, `comment`.`updatedAt`, `comment`.`deletedAt`, `user`.`id` AS `user.id`, `user`.`fname` AS `user.fname`, `user`.`lname` AS `user.lname`, `user`.`email` AS `user.email`, `user`.`gender` AS `user.gender`, `user`.`dob` AS `user.dob`, `user`.`phone` AS `user.phone`, `user`.`city` AS `user.city`, `user`.`address` AS `user.address`, `user`.`password` AS `user.password`, `user`.`role_id` AS `user.role_id`, `user`.`activation_token` AS `user.activation_token`, `user`.`token_created_at` AS `user.token_created_at`, `user`.`createdAt` AS `user.createdAt`, `user`.`updatedAt` AS `user.updatedAt`, `user`.`deletedAt` AS `user.deletedAt` FROM `comments` AS `comment` LEFT OUTER JOIN `users` AS `user` ON `comment`.`commented_by` = `user`.`id` AND (`user`.`deletedAt` IS NULL) WHERE (`comment`.`deletedAt` IS NULL AND `comment`.`video_id` = '1');"}
{"level":30,"time":"9:48:27 pm","pid":43916,"hostname":"LAPTOP-IKN8BARC","msg":"Executing (default): SELECT `id`, `fname`, `lname`, `email`, `gender`, `dob`, `phone`, `city`, `address`, `password`, `role_id`, `activation_token`, `token_created_at`, `createdAt`, `updatedAt`, `deletedAt` FROM `users` AS `user` WHERE (`user`.`deletedAt` IS NULL AND `user`.`id` = 2);"}
{"level":30,"time":"9:48:27 pm","pid":43916,"hostname":"LAPTOP-IKN8BARC","msg":"Executing (default): SELECT `id`, `video_id`, `comment`, `commented_by`, `createdAt`, `updatedAt`, `deletedAt` FROM `comments` AS `comment` WHERE (`comment`.`deletedAt` IS NULL AND (`comment`.`commented_by` = 2 AND `comment`.`video_id` = '1')) LIMIT 1;"}
{"level":30,"time":"9:48:27 pm","pid":43916,"hostname":"LAPTOP-IKN8BARC","msg":"Executing (default): INSERT INTO `comments` (`id`,`video_id`,`comment`,`commented_by`,`createdAt`,`updatedAt`) VALUES (DEFAULT,?,?,?,?,?);"}
{"level":30,"time":"9:48:32 pm","pid":43916,"hostname":"LAPTOP-IKN8BARC","msg":"Executing (default): SELECT `id`, `fname`, `lname`, `email`, `gender`, `dob`, `phone`, `city`, `address`, `password`, `role_id`, `activation_token`, `token_created_at`, `createdAt`, `updatedAt`, `deletedAt` FROM `users` AS `user` WHERE (`user`.`deletedAt` IS NULL AND `user`.`id` = 2);"}
{"level":30,"time":"9:48:32 pm","pid":43916,"hostname":"LAPTOP-IKN8BARC","msg":"Executing (default): SELECT count(`comment`.`id`) AS `count` FROM `comments` AS `comment` LEFT OUTER JOIN `users` AS `user` ON `comment`.`commented_by` = `user`.`id` AND (`user`.`deletedAt` IS NULL) WHERE (`comment`.`deletedAt` IS NULL AND `comment`.`video_id` = '1');"}
{"level":30,"time":"9:48:32 pm","pid":43916,"hostname":"LAPTOP-IKN8BARC","msg":"Executing (default): SELECT `comment`.`id`, `comment`.`video_id`, `comment`.`comment`, `comment`.`commented_by`, `comment`.`createdAt`, `comment`.`updatedAt`, `comment`.`deletedAt`, `user`.`id` AS `user.id`, `user`.`fname` AS `user.fname`, `user`.`lname` AS `user.lname`, `user`.`email` AS `user.email`, `user`.`gender` AS `user.gender`, `user`.`dob` AS `user.dob`, `user`.`phone` AS `user.phone`, `user`.`city` AS `user.city`, `user`.`address` AS `user.address`, `user`.`password` AS `user.password`, `user`.`role_id` AS `user.role_id`, `user`.`activation_token` AS `user.activation_token`, `user`.`token_created_at` AS `user.token_created_at`, `user`.`createdAt` AS `user.createdAt`, `user`.`updatedAt` AS `user.updatedAt`, `user`.`deletedAt` AS `user.deletedAt` FROM `comments` AS `comment` LEFT OUTER JOIN `users` AS `user` ON `comment`.`commented_by` = `user`.`id` AND (`user`.`deletedAt` IS NULL) WHERE (`comment`.`deletedAt` IS NULL AND `comment`.`video_id` = '1');"}
{"level":30,"time":"9:49:30 pm","pid":26492,"hostname":"LAPTOP-IKN8BARC","msg":"server is running on port: http://localhost:8000"}
{"level":30,"time":"9:49:30 pm","pid":26492,"hostname":"LAPTOP-IKN8BARC","msg":"Executing (default): SELECT 1+1 AS result"}
{"level":30,"time":"9:49:30 pm","pid":26492,"hostname":"LAPTOP-IKN8BARC","msg":"DB connected"}
{"level":30,"time":"9:49:33 pm","pid":41788,"hostname":"LAPTOP-IKN8BARC","msg":"server is running on port: http://localhost:8000"}
{"level":30,"time":"9:49:33 pm","pid":41788,"hostname":"LAPTOP-IKN8BARC","msg":"Executing (default): SELECT 1+1 AS result"}
{"level":30,"time":"9:49:33 pm","pid":41788,"hostname":"LAPTOP-IKN8BARC","msg":"DB connected"}
{"level":30,"time":"9:49:50 pm","pid":7292,"hostname":"LAPTOP-IKN8BARC","msg":"server is running on port: http://localhost:8000"}
{"level":30,"time":"9:49:50 pm","pid":7292,"hostname":"LAPTOP-IKN8BARC","msg":"Executing (default): SELECT 1+1 AS result"}
{"level":30,"time":"9:49:50 pm","pid":7292,"hostname":"LAPTOP-IKN8BARC","msg":"DB connected"}
{"level":30,"time":"9:49:56 pm","pid":39020,"hostname":"LAPTOP-IKN8BARC","msg":"server is running on port: http://localhost:8000"}
{"level":30,"time":"9:49:56 pm","pid":39020,"hostname":"LAPTOP-IKN8BARC","msg":"Executing (default): SELECT 1+1 AS result"}
{"level":30,"time":"9:49:56 pm","pid":39020,"hostname":"LAPTOP-IKN8BARC","msg":"DB connected"}
{"level":30,"time":"9:50:47 pm","pid":38872,"hostname":"LAPTOP-IKN8BARC","msg":"server is running on port: http://localhost:8000"}
{"level":30,"time":"9:50:47 pm","pid":38872,"hostname":"LAPTOP-IKN8BARC","msg":"Executing (default): SELECT 1+1 AS result"}
{"level":30,"time":"9:50:47 pm","pid":38872,"hostname":"LAPTOP-IKN8BARC","msg":"DB connected"}
{"level":30,"time":"9:50:50 pm","pid":45580,"hostname":"LAPTOP-IKN8BARC","msg":"server is running on port: http://localhost:8000"}
{"level":30,"time":"9:50:50 pm","pid":45580,"hostname":"LAPTOP-IKN8BARC","msg":"Executing (default): SELECT 1+1 AS result"}
{"level":30,"time":"9:50:50 pm","pid":45580,"hostname":"LAPTOP-IKN8BARC","msg":"DB connected"}
{"level":30,"time":"9:50:55 pm","pid":39336,"hostname":"LAPTOP-IKN8BARC","msg":"server is running on port: http://localhost:8000"}
{"level":30,"time":"9:50:55 pm","pid":39336,"hostname":"LAPTOP-IKN8BARC","msg":"Executing (default): SELECT 1+1 AS result"}
{"level":30,"time":"9:50:55 pm","pid":39336,"hostname":"LAPTOP-IKN8BARC","msg":"DB connected"}
{"level":30,"time":"9:51:01 pm","pid":25088,"hostname":"LAPTOP-IKN8BARC","msg":"server is running on port: http://localhost:8000"}
{"level":30,"time":"9:51:02 pm","pid":25088,"hostname":"LAPTOP-IKN8BARC","msg":"Executing (default): SELECT 1+1 AS result"}
{"level":30,"time":"9:51:02 pm","pid":25088,"hostname":"LAPTOP-IKN8BARC","msg":"DB connected"}
{"level":30,"time":"9:51:03 pm","pid":42032,"hostname":"LAPTOP-IKN8BARC","msg":"server is running on port: http://localhost:8000"}
{"level":30,"time":"9:51:03 pm","pid":42032,"hostname":"LAPTOP-IKN8BARC","msg":"Executing (default): SELECT 1+1 AS result"}
{"level":30,"time":"9:51:03 pm","pid":42032,"hostname":"LAPTOP-IKN8BARC","msg":"DB connected"}
{"level":30,"time":"9:51:20 pm","pid":14808,"hostname":"LAPTOP-IKN8BARC","msg":"server is running on port: http://localhost:8000"}
{"level":30,"time":"9:51:20 pm","pid":14808,"hostname":"LAPTOP-IKN8BARC","msg":"Executing (default): SELECT 1+1 AS result"}
{"level":30,"time":"9:51:20 pm","pid":14808,"hostname":"LAPTOP-IKN8BARC","msg":"DB connected"}
{"level":30,"time":"9:51:32 pm","pid":43772,"hostname":"LAPTOP-IKN8BARC","msg":"server is running on port: http://localhost:8000"}
{"level":30,"time":"9:51:32 pm","pid":43772,"hostname":"LAPTOP-IKN8BARC","msg":"Executing (default): SELECT 1+1 AS result"}
{"level":30,"time":"9:51:32 pm","pid":43772,"hostname":"LAPTOP-IKN8BARC","msg":"DB connected"}
{"level":30,"time":"9:51:51 pm","pid":29784,"hostname":"LAPTOP-IKN8BARC","msg":"server is running on port: http://localhost:8000"}
{"level":30,"time":"9:51:51 pm","pid":29784,"hostname":"LAPTOP-IKN8BARC","msg":"Executing (default): SELECT 1+1 AS result"}
{"level":30,"time":"9:51:51 pm","pid":29784,"hostname":"LAPTOP-IKN8BARC","msg":"DB connected"}
{"level":30,"time":"9:51:58 pm","pid":45696,"hostname":"LAPTOP-IKN8BARC","msg":"server is running on port: http://localhost:8000"}
{"level":30,"time":"9:51:58 pm","pid":45696,"hostname":"LAPTOP-IKN8BARC","msg":"Executing (default): SELECT 1+1 AS result"}
{"level":30,"time":"9:51:58 pm","pid":45696,"hostname":"LAPTOP-IKN8BARC","msg":"DB connected"}
{"level":30,"time":"9:52:08 pm","pid":3100,"hostname":"LAPTOP-IKN8BARC","msg":"server is running on port: http://localhost:8000"}
{"level":30,"time":"9:52:08 pm","pid":3100,"hostname":"LAPTOP-IKN8BARC","msg":"Executing (default): SELECT 1+1 AS result"}
{"level":30,"time":"9:52:08 pm","pid":3100,"hostname":"LAPTOP-IKN8BARC","msg":"DB connected"}
{"level":30,"time":"9:52:31 pm","pid":18184,"hostname":"LAPTOP-IKN8BARC","msg":"server is running on port: http://localhost:8000"}
{"level":30,"time":"9:52:31 pm","pid":18184,"hostname":"LAPTOP-IKN8BARC","msg":"Executing (default): SELECT 1+1 AS result"}
{"level":30,"time":"9:52:31 pm","pid":18184,"hostname":"LAPTOP-IKN8BARC","msg":"DB connected"}
{"level":30,"time":"9:52:37 pm","pid":41508,"hostname":"LAPTOP-IKN8BARC","msg":"server is running on port: http://localhost:8000"}
{"level":30,"time":"9:52:37 pm","pid":41508,"hostname":"LAPTOP-IKN8BARC","msg":"Executing (default): SELECT 1+1 AS result"}
{"level":30,"time":"9:52:37 pm","pid":41508,"hostname":"LAPTOP-IKN8BARC","msg":"DB connected"}
{"level":30,"time":"9:52:43 pm","pid":10816,"hostname":"LAPTOP-IKN8BARC","msg":"server is running on port: http://localhost:8000"}
{"level":30,"time":"9:52:43 pm","pid":10816,"hostname":"LAPTOP-IKN8BARC","msg":"Executing (default): SELECT 1+1 AS result"}
{"level":30,"time":"9:52:43 pm","pid":10816,"hostname":"LAPTOP-IKN8BARC","msg":"DB connected"}
{"level":30,"time":"9:52:53 pm","pid":40076,"hostname":"LAPTOP-IKN8BARC","msg":"server is running on port: http://localhost:8000"}
{"level":30,"time":"9:52:53 pm","pid":40076,"hostname":"LAPTOP-IKN8BARC","msg":"Executing (default): SELECT 1+1 AS result"}
{"level":30,"time":"9:52:53 pm","pid":40076,"hostname":"LAPTOP-IKN8BARC","msg":"DB connected"}
{"level":30,"time":"9:52:55 pm","pid":45352,"hostname":"LAPTOP-IKN8BARC","msg":"server is running on port: http://localhost:8000"}
{"level":30,"time":"9:52:55 pm","pid":45352,"hostname":"LAPTOP-IKN8BARC","msg":"Executing (default): SELECT 1+1 AS result"}
{"level":30,"time":"9:52:55 pm","pid":45352,"hostname":"LAPTOP-IKN8BARC","msg":"DB connected"}
{"level":30,"time":"9:53:01 pm","pid":17880,"hostname":"LAPTOP-IKN8BARC","msg":"server is running on port: http://localhost:8000"}
{"level":30,"time":"9:53:01 pm","pid":17880,"hostname":"LAPTOP-IKN8BARC","msg":"Executing (default): SELECT 1+1 AS result"}
{"level":30,"time":"9:53:01 pm","pid":17880,"hostname":"LAPTOP-IKN8BARC","msg":"DB connected"}
{"level":30,"time":"9:53:11 pm","pid":17880,"hostname":"LAPTOP-IKN8BARC","msg":"Executing (default): SELECT `id`, `fname`, `lname`, `email`, `gender`, `dob`, `phone`, `city`, `address`, `password`, `role_id`, `activation_token`, `token_created_at`, `createdAt`, `updatedAt`, `deletedAt` FROM `users` AS `user` WHERE (`user`.`deletedAt` IS NULL AND `user`.`id` = 2);"}
{"level":50,"time":"9:53:11 pm","pid":17880,"hostname":"LAPTOP-IKN8BARC","err":{"type":"AssertionError","message":"Missing where attribute in the options parameter","stack":"AssertionError [ERR_ASSERTION]: Missing where attribute in the options parameter\n    at comment._optionsMustContainWhere (E:\\eSparkBiz\\Video_Verse\\node_modules\\sequelize\\lib\\model.js:2130:5)\n    at comment.update (E:\\eSparkBiz\\Video_Verse\\node_modules\\sequelize\\lib\\model.js:1896:10)\n    at exports.updateComment (E:\\eSparkBiz\\Video_Verse\\controllers\\commentController.js:71:59)\n    at Layer.handle [as handle_request] (E:\\eSparkBiz\\Video_Verse\\node_modules\\express\\lib\\router\\layer.js:95:5)\n    at next (E:\\eSparkBiz\\Video_Verse\\node_modules\\express\\lib\\router\\route.js:149:13)\n    at next (E:\\eSparkBiz\\Video_Verse\\node_modules\\express\\lib\\router\\route.js:145:7)\n    at next (E:\\eSparkBiz\\Video_Verse\\node_modules\\express\\lib\\router\\route.js:145:7)\n    at Route.dispatch (E:\\eSparkBiz\\Video_Verse\\node_modules\\express\\lib\\router\\route.js:119:3)\n    at Layer.handle [as handle_request] (E:\\eSparkBiz\\Video_Verse\\node_modules\\express\\lib\\router\\layer.js:95:5)\n    at E:\\eSparkBiz\\Video_Verse\\node_modules\\express\\lib\\router\\index.js:284:15","generatedMessage":false,"code":"ERR_ASSERTION","expected":true,"operator":"=="},"msg":"Missing where attribute in the options parameter"}
{"level":30,"time":"9:53:46 pm","pid":24732,"hostname":"LAPTOP-IKN8BARC","msg":"server is running on port: http://localhost:8000"}
{"level":30,"time":"9:53:46 pm","pid":24732,"hostname":"LAPTOP-IKN8BARC","msg":"Executing (default): SELECT 1+1 AS result"}
{"level":30,"time":"9:53:46 pm","pid":24732,"hostname":"LAPTOP-IKN8BARC","msg":"DB connected"}
